2025-04-12 12:49:59,545 - INFO - Starting data fetch and store process
2025-04-12 12:49:59,735 - INFO - No data fetched from google news
2025-04-12 12:49:59,951 - INFO - Training data stored successfully
2025-04-12 12:49:59,951 - INFO - Process completed: 0 articles stored, training data stored
2025-04-12 12:51:45,288 - INFO - Starting data fetch and store process
2025-04-12 12:51:47,761 - INFO - Stored 5 new articles out of 93 fetched
2025-04-12 12:51:47,968 - INFO - Training data stored successfully
2025-04-12 12:51:47,968 - INFO - Process completed: 5 articles stored, training data stored
2025-04-12 11:57:05,251 - INFO - Starting data fetch and store process
2025-04-12 11:57:05,457 - INFO - Stored 0 new articles out of 93 fetched
2025-04-12 11:57:06,282 - INFO - Training data stored successfully
2025-04-12 11:57:06,282 - INFO - Process completed: 0 articles stored, training data stored
2025-04-12 23:11:19,008 - INFO - Starting data fetch and store process
2025-04-12 23:11:20,743 - INFO - Stored 24 new articles out of 98 fetched
2025-04-12 23:11:21,571 - INFO - Training data stored successfully
2025-04-12 23:11:21,571 - INFO - Process completed: 24 articles stored, training data stored
2025-04-13 23:12:53,794 - INFO - Starting data fetch and store process
2025-04-13 23:13:00,465 - INFO - Stored 34 new articles out of 96 fetched
2025-04-13 23:13:00,811 - INFO - Training data stored successfully
2025-04-13 23:13:00,812 - INFO - Process completed: 34 articles stored, training data stored
2025-04-14 23:11:21,250 - INFO - Starting data fetch and store process
2025-04-14 23:11:24,101 - INFO - Stored 52 new articles out of 99 fetched
2025-04-14 23:11:24,439 - INFO - Training data stored successfully
2025-04-14 23:11:24,439 - INFO - Process completed: 52 articles stored, training data stored
2025-04-15 23:12:00,936 - INFO - Starting data fetch and store process
2025-04-15 23:12:04,060 - INFO - Stored 62 new articles out of 96 fetched
2025-04-15 23:12:04,306 - INFO - Training data stored successfully
2025-04-15 23:12:04,306 - INFO - Process completed: 62 articles stored, training data stored
2025-04-16 23:11:45,726 - INFO - Starting data fetch and store process
2025-04-16 23:11:52,786 - INFO - Stored 70 new articles out of 97 fetched
2025-04-16 23:11:53,300 - INFO - Training data stored successfully
2025-04-16 23:11:53,300 - INFO - Process completed: 70 articles stored, training data stored
2025-04-17 23:11:47,144 - INFO - Starting data fetch and store process
2025-04-17 23:11:55,629 - INFO - Stored 65 new articles out of 98 fetched
2025-04-17 23:11:55,849 - INFO - Training data stored successfully
2025-04-17 23:11:55,849 - INFO - Process completed: 65 articles stored, training data stored
2025-04-18 23:11:49,566 - INFO - Starting data fetch and store process
2025-04-18 23:11:53,152 - INFO - Stored 52 new articles out of 99 fetched
2025-04-18 23:11:53,484 - INFO - Training data stored successfully
2025-04-18 23:11:53,485 - INFO - Process completed: 52 articles stored, training data stored
2025-04-19 23:11:51,188 - INFO - Starting data fetch and store process
2025-04-19 23:11:53,440 - INFO - Stored 36 new articles out of 93 fetched
2025-04-19 23:11:54,350 - INFO - Training data stored successfully
2025-04-19 23:11:54,351 - INFO - Process completed: 36 articles stored, training data stored
2025-04-20 23:11:20,576 - INFO - Starting data fetch and store process
2025-04-20 23:11:25,850 - INFO - Stored 35 new articles out of 92 fetched
2025-04-20 23:11:26,134 - INFO - Training data stored successfully
2025-04-20 23:11:26,134 - INFO - Process completed: 35 articles stored, training data stored
2025-04-21 23:11:26,397 - INFO - Starting data fetch and store process
2025-04-21 23:11:29,105 - INFO - Stored 73 new articles out of 96 fetched
2025-04-21 23:11:29,396 - INFO - Training data stored successfully
2025-04-21 23:11:29,397 - INFO - Process completed: 73 articles stored, training data stored
2025-04-22 23:11:18,254 - INFO - Starting data fetch and store process
2025-04-22 23:11:20,239 - INFO - Stored 73 new articles out of 94 fetched
2025-04-22 23:11:20,489 - INFO - Training data stored successfully
2025-04-22 23:11:20,489 - INFO - Process completed: 73 articles stored, training data stored
2025-04-23 23:12:16,887 - INFO - Starting data fetch and store process
2025-04-23 23:12:22,509 - INFO - Stored 58 new articles out of 92 fetched
2025-04-23 23:12:23,581 - INFO - Training data stored successfully
2025-04-23 23:12:23,582 - INFO - Process completed: 58 articles stored, training data stored
2025-04-24 23:11:56,358 - INFO - Starting data fetch and store process
2025-04-24 23:11:58,288 - INFO - Stored 54 new articles out of 90 fetched
2025-04-24 23:11:58,717 - INFO - Training data stored successfully
2025-04-24 23:11:58,717 - INFO - Process completed: 54 articles stored, training data stored
2025-04-25 23:11:52,199 - INFO - Starting data fetch and store process
2025-04-25 23:11:55,734 - INFO - Stored 42 new articles out of 86 fetched
2025-04-25 23:11:56,150 - INFO - Training data stored successfully
2025-04-25 23:11:56,150 - INFO - Process completed: 42 articles stored, training data stored
2025-04-26 23:11:16,137 - INFO - Starting data fetch and store process
2025-04-26 23:11:17,805 - INFO - Stored 20 new articles out of 87 fetched
2025-04-26 23:11:18,294 - INFO - Training data stored successfully
2025-04-26 23:11:18,294 - INFO - Process completed: 20 articles stored, training data stored
2025-04-27 23:11:49,938 - INFO - Starting data fetch and store process
2025-04-27 23:11:52,852 - INFO - Stored 31 new articles out of 93 fetched
2025-04-27 23:11:53,682 - INFO - Training data stored successfully
2025-04-27 23:11:53,682 - INFO - Process completed: 31 articles stored, training data stored
2025-04-28 23:11:42,921 - INFO - Starting data fetch and store process
2025-04-28 23:11:47,565 - INFO - Stored 67 new articles out of 89 fetched
2025-04-28 23:11:48,272 - INFO - Training data stored successfully
2025-04-28 23:11:48,272 - INFO - Process completed: 67 articles stored, training data stored
2025-04-29 23:11:41,944 - INFO - Starting data fetch and store process
2025-04-29 23:11:44,955 - INFO - Stored 63 new articles out of 100 fetched
2025-04-29 23:11:45,985 - ERROR - Error in fetching daily summary: Too Many Requests. Rate limited. Try after a while.
2025-04-29 23:11:45,985 - INFO - Process completed: 63 articles stored, training data not stored
2025-04-30 23:12:22,142 - INFO - Starting data fetch and store process
2025-04-30 23:12:23,518 - INFO - Stored 54 new articles out of 93 fetched
2025-04-30 23:12:23,919 - INFO - Training data stored successfully
2025-04-30 23:12:23,919 - INFO - Process completed: 54 articles stored, training data stored
2025-05-01 23:12:05,450 - INFO - Starting data fetch and store process
2025-05-01 23:12:07,149 - INFO - Stored 67 new articles out of 89 fetched
2025-05-01 23:12:07,491 - INFO - Training data stored successfully
2025-05-01 23:12:07,492 - INFO - Process completed: 67 articles stored, training data stored
2025-05-02 23:11:53,065 - INFO - Starting data fetch and store process
2025-05-02 23:11:57,524 - INFO - Stored 61 new articles out of 94 fetched
2025-05-02 23:11:58,288 - INFO - Training data stored successfully
2025-05-02 23:11:58,289 - INFO - Process completed: 61 articles stored, training data stored
2025-05-03 23:11:15,781 - INFO - Starting data fetch and store process
2025-05-03 23:11:17,496 - INFO - Stored 44 new articles out of 99 fetched
2025-05-03 23:11:18,531 - INFO - Training data stored successfully
2025-05-03 23:11:18,531 - INFO - Process completed: 44 articles stored, training data stored
2025-05-04 23:11:27,341 - INFO - Starting data fetch and store process
2025-05-04 23:11:29,836 - INFO - Stored 35 new articles out of 96 fetched
2025-05-04 23:11:30,248 - INFO - Training data stored successfully
2025-05-04 23:11:30,249 - INFO - Process completed: 35 articles stored, training data stored
